[01m[K/home/bwilab/scavenger_hunt/robot/scavenger_hunt_ws/src/scavenger/src/scavenger_hunt_structure.cpp:[m[K In member function â€˜[01m[KProofFormat Task::get_proof_format()[m[Kâ€™:
[01m[K/home/bwilab/scavenger_hunt/robot/scavenger_hunt_ws/src/scavenger/src/scavenger_hunt_structure.cpp:19:10:[m[K [01;31m[Kerror: [m[Kâ€˜[01m[KPROOF_FORMAT[m[Kâ€™ was not declared in this scope
   return PROOF_FORMAT;
[01;32m[K          ^[m[K
make[2]: *** [CMakeFiles/client_test.dir/src/scavenger_hunt_structure.cpp.o] Error 1
make[2]: *** Waiting for unfinished jobs....
make[1]: *** [CMakeFiles/client_test.dir/all] Error 2
make: *** [all] Error 2
