[35m[1mScanning dependencies of target client_test[0m
[ 25%] [32mBuilding CXX object CMakeFiles/client_test.dir/src/scavenger_hunt_structure.cpp.o[0m
[ 50%] [32mBuilding CXX object CMakeFiles/client_test.dir/src/client_test.cpp.o[0m
[01m[K/home/bwilab/scavenger_hunt/robot/scavenger_hunt_ws/src/scavenger/src/scavenger_hunt_structure.cpp:[m[K In member function â€˜[01m[KProofFormat Task::get_proof_format()[m[Kâ€™:
[01m[K/home/bwilab/scavenger_hunt/robot/scavenger_hunt_ws/src/scavenger/src/scavenger_hunt_structure.cpp:19:10:[m[K [01;31m[Kerror: [m[Kâ€˜[01m[KPROOF_FORMAT[m[Kâ€™ was not declared in this scope
   return PROOF_FORMAT;
[01;32m[K          ^[m[K
CMakeFiles/client_test.dir/build.make:86: recipe for target 'CMakeFiles/client_test.dir/src/scavenger_hunt_structure.cpp.o' failed
make[2]: *** [CMakeFiles/client_test.dir/src/scavenger_hunt_structure.cpp.o] Error 1
make[2]: *** Waiting for unfinished jobs....
CMakeFiles/Makefile2:707: recipe for target 'CMakeFiles/client_test.dir/all' failed
make[1]: *** [CMakeFiles/client_test.dir/all] Error 2
Makefile:138: recipe for target 'all' failed
make: *** [all] Error 2
