In file included from [01m[K/home/bwilab/scavenger_hunt/robot/scavenger_hunt_ws/src/scavenger/src/json_test.cpp:1:0[m[K:
[01m[K/home/bwilab/scavenger_hunt/robot/scavenger_hunt_ws/src/scavenger/include/scavenger/scavenger_hunt.h:12:3:[m[K [01;31m[Kerror: [m[Kâ€˜[01m[Ksd[m[Kâ€™ does not name a type
   sd::string *http_received_data;
[01;32m[K   ^[m[K
[01m[K/home/bwilab/scavenger_hunt/robot/scavenger_hunt_ws/src/scavenger/include/scavenger/scavenger_hunt.h:23:1:[m[K [01;31m[Kerror: [m[Kexpected â€˜[01m[K;[m[Kâ€™ after class definition
 }
[01;32m[K ^[m[K
[01m[K/home/bwilab/scavenger_hunt/robot/scavenger_hunt_ws/src/scavenger/src/json_test.cpp:3:27:[m[K [01;31m[Kerror: [m[Kconflicting declaration â€˜[01m[Kchar** argv[m[Kâ€™
 int main(int argv, char** argv) {
[01;32m[K                           ^[m[K
[01m[K/home/bwilab/scavenger_hunt/robot/scavenger_hunt_ws/src/scavenger/src/json_test.cpp:3:14:[m[K [01;36m[Knote: [m[Kprevious declaration as â€˜[01m[Kint argv[m[Kâ€™
 int main(int argv, char** argv) {
[01;32m[K              ^[m[K
In file included from [01m[K/home/bwilab/scavenger_hunt/robot/scavenger_hunt_ws/src/scavenger/src/scavenger_hunt.cpp:1:0[m[K:
[01m[K/home/bwilab/scavenger_hunt/robot/scavenger_hunt_ws/src/scavenger/include/scavenger/scavenger_hunt.h:12:3:[m[K [01;31m[Kerror: [m[Kâ€˜[01m[Ksd[m[Kâ€™ does not name a type
   sd::string *http_received_data;
[01;32m[K   ^[m[K
[01m[K/home/bwilab/scavenger_hunt/robot/scavenger_hunt_ws/src/scavenger/src/json_test.cpp:3:5:[m[K [01;35m[Kwarning: [m[Kâ€˜[01m[Kint main(int)[m[Kâ€™ takes only zero or two arguments [-Wmain]
 int main(int argv, char** argv) {
[01;32m[K     ^[m[K
[01m[K/home/bwilab/scavenger_hunt/robot/scavenger_hunt_ws/src/scavenger/include/scavenger/scavenger_hunt.h:23:1:[m[K [01;31m[Kerror: [m[Kexpected â€˜[01m[K;[m[Kâ€™ after class definition
 }
[01;32m[K ^[m[K
In file included from [01m[K/home/bwilab/scavenger_hunt/robot/scavenger_hunt_ws/src/scavenger/include/scavenger/scavenger_hunt.h:4:0[m[K,
                 from [01m[K/home/bwilab/scavenger_hunt/robot/scavenger_hunt_ws/src/scavenger/src/scavenger_hunt.cpp:1[m[K:
[01m[K/home/bwilab/scavenger_hunt/robot/scavenger_hunt_ws/src/scavenger/src/scavenger_hunt.cpp:[m[K In constructor â€˜[01m[KScavengerHuntClient::ScavengerHuntClient()[m[Kâ€™:
[01m[K/home/bwilab/scavenger_hunt/robot/scavenger_hunt_ws/src/scavenger/src/scavenger_hunt.cpp:18:39:[m[K [01;31m[Kerror: [m[Kâ€˜[01m[Kurl[m[Kâ€™ was not declared in this scope
   curl_easy_setopt(curl, CURLOPT_URL, url.c_str());
[01;32m[K                                       ^[m[K
[01m[K/home/bwilab/scavenger_hunt/robot/scavenger_hunt_ws/src/scavenger/../curl-7.65.0/include/curl/curl.h:2860:72:[m[K [01;36m[Knote: [m[Kin definition of macro â€˜[01m[Kcurl_easy_setopt[m[Kâ€™
 #define curl_easy_setopt(handle,opt,param) curl_easy_setopt(handle,opt,param)
[01;32m[K                                                                        ^[m[K
[01m[K/home/bwilab/scavenger_hunt/robot/scavenger_hunt_ws/src/scavenger/src/scavenger_hunt.cpp:23:45:[m[K [01;31m[Kerror: [m[Kâ€˜[01m[Khttp_received_data[m[Kâ€™ was not declared in this scope
   curl_easy_setopt(curl, CURLOPT_WRITEDATA, http_received_data);
[01;32m[K                                             ^[m[K
[01m[K/home/bwilab/scavenger_hunt/robot/scavenger_hunt_ws/src/scavenger/../curl-7.65.0/include/curl/curl.h:2860:72:[m[K [01;36m[Knote: [m[Kin definition of macro â€˜[01m[Kcurl_easy_setopt[m[Kâ€™
 #define curl_easy_setopt(handle,opt,param) curl_easy_setopt(handle,opt,param)
[01;32m[K                                                                        ^[m[K
[01m[K/home/bwilab/scavenger_hunt/robot/scavenger_hunt_ws/src/scavenger/src/scavenger_hunt.cpp:[m[K In member function â€˜[01m[Kvoid ScavengerHuntClient::retrieve()[m[Kâ€™:
[01m[K/home/bwilab/scavenger_hunt/robot/scavenger_hunt_ws/src/scavenger/src/scavenger_hunt.cpp:39:22:[m[K [01;31m[Kerror: [m[Kâ€˜[01m[Khttp_received_data[m[Kâ€™ was not declared in this scope
     parser_stream << http_received_data->c_str();
[01;32m[K                      ^[m[K
[01m[K/home/bwilab/scavenger_hunt/robot/scavenger_hunt_ws/src/scavenger/src/scavenger_hunt.cpp:47:28:[m[K [01;31m[Kerror: [m[Kâ€˜[01m[Kios[m[Kâ€™ has not been declared
     parser_stream.seekg(0, ios::end);
[01;32m[K                            ^[m[K
[01m[K/home/bwilab/scavenger_hunt/robot/scavenger_hunt_ws/src/scavenger/src/scavenger_hunt.cpp:49:28:[m[K [01;31m[Kerror: [m[Kâ€˜[01m[Kios[m[Kâ€™ has not been declared
     parser_stream.seekg(0, ios::beg);
[01;32m[K                            ^[m[K
make[2]: *** [CMakeFiles/json_test.dir/src/json_test.cpp.o] Error 1
make[2]: *** Waiting for unfinished jobs....
make[2]: *** [CMakeFiles/json_test.dir/src/scavenger_hunt.cpp.o] Error 1
make[1]: *** [CMakeFiles/json_test.dir/all] Error 2
make: *** [all] Error 2
