[01m[K/home/bwilab/scavenger_hunt/robot/scavenger_hunt_ws/src/scavenger/src/json_test.cpp:[m[K In function â€˜[01m[Kint main(int, char**)[m[Kâ€™:
[01m[K/home/bwilab/scavenger_hunt/robot/scavenger_hunt_ws/src/scavenger/src/json_test.cpp:6:12:[m[K [01;31m[Kerror: [m[Kâ€˜[01m[Kclass ScavengerHuntClient[m[Kâ€™ has no member named â€˜[01m[Kretrieve[m[Kâ€™
     client.retrieve();
[01;32m[K            ^[m[K
make[2]: *** [CMakeFiles/json_test.dir/src/json_test.cpp.o] Error 1
make[2]: *** Waiting for unfinished jobs....
make[1]: *** [CMakeFiles/json_test.dir/all] Error 2
make: *** [all] Error 2
