[01m[K/home/bwilab/scavenger_hunt/robot/scavenger_hunt_ws/src/scavenger/src/scavenger_hunt.cpp:[m[K In function â€˜[01m[Kbool file_exists(std::__cxx11::string)[m[Kâ€™:
[01m[K/home/bwilab/scavenger_hunt/robot/scavenger_hunt_ws/src/scavenger/src/scavenger_hunt.cpp:37:3:[m[K [01;31m[Kerror: [m[Kâ€˜[01m[Kifstream[m[Kâ€™ was not declared in this scope
   ifstream f(name.c_str());
[01;32m[K   ^[m[K
[01m[K/home/bwilab/scavenger_hunt/robot/scavenger_hunt_ws/src/scavenger/src/scavenger_hunt.cpp:37:3:[m[K [01;36m[Knote: [m[Ksuggested alternative:
In file included from [01m[K/usr/include/c++/5/ios:38:0[m[K,
                 from [01m[K/usr/include/c++/5/istream:38[m[K,
                 from [01m[K/home/bwilab/scavenger_hunt/robot/scavenger_hunt_ws/src/scavenger/../jsoncpp/include/json/config.h:10[m[K,
                 from [01m[K/home/bwilab/scavenger_hunt/robot/scavenger_hunt_ws/src/scavenger/../jsoncpp/include/json/autolink.h:9[m[K,
                 from [01m[K/home/bwilab/scavenger_hunt/robot/scavenger_hunt_ws/src/scavenger/../jsoncpp/include/json/json.h:9[m[K,
                 from [01m[K/home/bwilab/scavenger_hunt/robot/scavenger_hunt_ws/src/scavenger/include/scavenger/scavenger_hunt.h:5[m[K,
                 from [01m[K/home/bwilab/scavenger_hunt/robot/scavenger_hunt_ws/src/scavenger/src/scavenger_hunt.cpp:1[m[K:
[01m[K/usr/include/c++/5/iosfwd:162:34:[m[K [01;36m[Knote: [m[K  â€˜[01m[Kstd::ifstream[m[Kâ€™
   typedef basic_ifstream<char>   ifstream;
[01;32m[K                                  ^[m[K
[01m[K/home/bwilab/scavenger_hunt/robot/scavenger_hunt_ws/src/scavenger/src/scavenger_hunt.cpp:38:17:[m[K [01;31m[Kerror: [m[Kâ€˜[01m[Kstd::__cxx11::string {aka class std::__cxx11::basic_string<char>}[m[Kâ€™ has no member named â€˜[01m[Kfail[m[Kâ€™
   return !fname.fail();
[01;32m[K                 ^[m[K
make[2]: *** [CMakeFiles/json_test.dir/src/scavenger_hunt.cpp.o] Error 1
make[1]: *** [CMakeFiles/json_test.dir/all] Error 2
make: *** [all] Error 2
