[35m[1mScanning dependencies of target json_test[0m
[ 33%] [32mBuilding CXX object CMakeFiles/json_test.dir/src/scavenger_hunt.cpp.o[0m
[ 66%] [32mBuilding CXX object CMakeFiles/json_test.dir/src/json_test.cpp.o[0m
[01m[K/home/bwilab/scavenger_hunt/robot/scavenger_hunt_ws/src/scavenger/src/scavenger_hunt.cpp:[m[K In member function â€˜[01m[Kbool ScavengerHuntClient::send_proof(std::__cxx11::string, unsigned int)[m[Kâ€™:
[01m[K/home/bwilab/scavenger_hunt/robot/scavenger_hunt_ws/src/scavenger/src/scavenger_hunt.cpp:161:1:[m[K [01;31m[Kerror: [m[Kexpected â€˜[01m[K}[m[Kâ€™ at end of input
 }
[01;32m[K ^[m[K
CMakeFiles/json_test.dir/build.make:62: recipe for target 'CMakeFiles/json_test.dir/src/scavenger_hunt.cpp.o' failed
make[2]: *** [CMakeFiles/json_test.dir/src/scavenger_hunt.cpp.o] Error 1
CMakeFiles/Makefile2:707: recipe for target 'CMakeFiles/json_test.dir/all' failed
make[1]: *** [CMakeFiles/json_test.dir/all] Error 2
Makefile:138: recipe for target 'all' failed
make: *** [all] Error 2
