[35m[1mScanning dependencies of target json_test[0m
[ 33%] [32mBuilding CXX object CMakeFiles/json_test.dir/src/scavenger_hunt.cpp.o[0m
[01m[K/home/bwilab/scavenger_hunt/robot/scavenger_hunt_ws/src/scavenger/src/scavenger_hunt.cpp:[m[K In member function â€˜[01m[Kvoid ScavengerHuntClient::retrieve()[m[Kâ€™:
[01m[K/home/bwilab/scavenger_hunt/robot/scavenger_hunt_ws/src/scavenger/src/scavenger_hunt.cpp:47:28:[m[K [01;31m[Kerror: [m[Kâ€˜[01m[Kparser_stream[m[Kâ€™ is not a class, namespace, or enumeration
     parser_stream.seekg(0, parser_stream::end);
[01;32m[K                            ^[m[K
[01m[K/home/bwilab/scavenger_hunt/robot/scavenger_hunt_ws/src/scavenger/src/scavenger_hunt.cpp:49:28:[m[K [01;31m[Kerror: [m[Kâ€˜[01m[Kparser_stream[m[Kâ€™ is not a class, namespace, or enumeration
     parser_stream.seekg(0, parser_stream::beg);
[01;32m[K                            ^[m[K
CMakeFiles/json_test.dir/build.make:62: recipe for target 'CMakeFiles/json_test.dir/src/scavenger_hunt.cpp.o' failed
make[2]: *** [CMakeFiles/json_test.dir/src/scavenger_hunt.cpp.o] Error 1
CMakeFiles/Makefile2:707: recipe for target 'CMakeFiles/json_test.dir/all' failed
make[1]: *** [CMakeFiles/json_test.dir/all] Error 2
Makefile:138: recipe for target 'all' failed
make: *** [all] Error 2
