[01m[K/home/bwilab/scavenger_hunt/robot/scavenger_hunt_ws/src/scavenger/src/scavenger_hunt.cpp:58:43:[m[K [01;31m[Kerror: [m[Kdefinition of implicitly-declared â€˜[01m[KScavengerHuntClient::~ScavengerHuntClient()[m[Kâ€™
 ScavengerHuntClient::~ScavengerHuntClient() {}
[01;32m[K                                           ^[m[K
make[2]: *** [CMakeFiles/json_test.dir/src/scavenger_hunt.cpp.o] Error 1
make[1]: *** [CMakeFiles/json_test.dir/all] Error 2
make: *** [all] Error 2
