In file included from [01m[K/home/bwilab/scavenger_hunt/robot/scavenger_hunt_ws/src/scavenger/src/json_test.cpp:1:0[m[K:
[01m[K/home/bwilab/scavenger_hunt/robot/scavenger_hunt_ws/src/scavenger/include/scavenger/scavenger_hunt.h:12:41:[m[K [01;31m[Kerror: [m[Kconflicting specifiers in declaration of â€˜[01m[KDOWNLOAD_URL[m[Kâ€™
   extern static const char DOWNLOAD_URL[];
[01;32m[K                                         ^[m[K
In file included from [01m[K/home/bwilab/scavenger_hunt/robot/scavenger_hunt_ws/src/scavenger/src/scavenger_hunt.cpp:1:0[m[K:
[01m[K/home/bwilab/scavenger_hunt/robot/scavenger_hunt_ws/src/scavenger/include/scavenger/scavenger_hunt.h:12:41:[m[K [01;31m[Kerror: [m[Kconflicting specifiers in declaration of â€˜[01m[KDOWNLOAD_URL[m[Kâ€™
   extern static const char DOWNLOAD_URL[];
[01;32m[K                                         ^[m[K
[01m[K/home/bwilab/scavenger_hunt/robot/scavenger_hunt_ws/src/scavenger/src/scavenger_hunt.cpp:8:22:[m[K [01;31m[Kerror: [m[Kâ€˜[01m[KDOWNLOAD_URL[m[Kâ€™ in â€˜[01m[Kclass ScavengerHuntClient[m[Kâ€™ does not name a type
 ScavengerHuntClient::DOWNLOAD_URL = "https://jsonplaceholder.typicode.com/todos/1";
[01;32m[K                      ^[m[K
In file included from [01m[K/home/bwilab/scavenger_hunt/robot/scavenger_hunt_ws/src/scavenger/include/scavenger/scavenger_hunt.h:4:0[m[K,
                 from [01m[K/home/bwilab/scavenger_hunt/robot/scavenger_hunt_ws/src/scavenger/src/scavenger_hunt.cpp:1[m[K:
[01m[K/home/bwilab/scavenger_hunt/robot/scavenger_hunt_ws/src/scavenger/src/scavenger_hunt.cpp:[m[K In member function â€˜[01m[Kvoid ScavengerHuntClient::get_hunts()[m[Kâ€™:
[01m[K/home/bwilab/scavenger_hunt/robot/scavenger_hunt_ws/src/scavenger/src/scavenger_hunt.cpp:28:39:[m[K [01;31m[Kerror: [m[Kâ€˜[01m[KDOWNLOAD_URL[m[Kâ€™ was not declared in this scope
   curl_easy_setopt(curl, CURLOPT_URL, DOWNLOAD_URL);
[01;32m[K                                       ^[m[K
[01m[K/home/bwilab/scavenger_hunt/robot/scavenger_hunt_ws/src/scavenger/../curl-7.65.0/include/curl/curl.h:2860:72:[m[K [01;36m[Knote: [m[Kin definition of macro â€˜[01m[Kcurl_easy_setopt[m[Kâ€™
 #define curl_easy_setopt(handle,opt,param) curl_easy_setopt(handle,opt,param)
[01;32m[K                                                                        ^[m[K
make[2]: *** [CMakeFiles/json_test.dir/src/json_test.cpp.o] Error 1
make[2]: *** Waiting for unfinished jobs....
make[2]: *** [CMakeFiles/json_test.dir/src/scavenger_hunt.cpp.o] Error 1
make[1]: *** [CMakeFiles/json_test.dir/all] Error 2
make: *** [all] Error 2
