[35m[1mScanning dependencies of target json_test[0m
[ 33%] [32mBuilding CXX object CMakeFiles/json_test.dir/src/scavenger_hunt.cpp.o[0m
[ 66%] [32m[1mLinking CXX executable /home/bwilab/scavenger_hunt/robot/scavenger_hunt_ws/devel/.private/scavenger/lib/scavenger/json_test[0m
CMakeFiles/json_test.dir/src/scavenger_hunt.cpp.o: In function `ScavengerHuntClient::get_hunts()':
scavenger_hunt.cpp:(.text+0x29d): undefined reference to `ScavengerHuntClient::DOWNLOAD_URL'
CMakeFiles/json_test.dir/src/scavenger_hunt.cpp.o: In function `ScavengerHuntClient::send_proof(std::__cxx11::basic_string<char, std::char_traits<char>, std::allocator<char> >, unsigned int)':
scavenger_hunt.cpp:(.text+0x623): undefined reference to `ScavengerHuntClient::UPLOAD_URL'
collect2: error: ld returned 1 exit status
CMakeFiles/json_test.dir/build.make:139: recipe for target '/home/bwilab/scavenger_hunt/robot/scavenger_hunt_ws/devel/.private/scavenger/lib/scavenger/json_test' failed
make[2]: *** [/home/bwilab/scavenger_hunt/robot/scavenger_hunt_ws/devel/.private/scavenger/lib/scavenger/json_test] Error 1
CMakeFiles/Makefile2:707: recipe for target 'CMakeFiles/json_test.dir/all' failed
make[1]: *** [CMakeFiles/json_test.dir/all] Error 2
Makefile:138: recipe for target 'all' failed
make: *** [all] Error 2
