In file included from [01m[K/home/bwilab/scavenger_hunt/robot/scavenger_hunt_ws/src/scavenger/src/scavenger_hunt.cpp:1:0[m[K:
[01m[K/home/bwilab/scavenger_hunt/robot/scavenger_hunt_ws/src/scavenger/include/scavenger/scavenger_hunt.h:12:21:[m[K [01;31m[Kerror: [m[Kâ€˜[01m[Kconst char ScavengerHuntClient::DOWNLOAD_URL [][m[Kâ€™ is protected
   static const char DOWNLOAD_URL[];
[01;32m[K                     ^[m[K
[01m[K/home/bwilab/scavenger_hunt/robot/scavenger_hunt_ws/src/scavenger/src/scavenger_hunt.cpp:8:22:[m[K [01;31m[Kerror: [m[Kwithin this context
 ScavengerHuntClient::DOWNLOAD_URL = "https://jsonplaceholder.typicode.com/todos/1";
[01;32m[K                      ^[m[K
[01m[K/home/bwilab/scavenger_hunt/robot/scavenger_hunt_ws/src/scavenger/src/scavenger_hunt.cpp:8:22:[m[K [01;31m[Kerror: [m[Kâ€˜[01m[KDOWNLOAD_URL[m[Kâ€™ in â€˜[01m[Kclass ScavengerHuntClient[m[Kâ€™ does not name a type
make[2]: *** [CMakeFiles/json_test.dir/src/scavenger_hunt.cpp.o] Error 1
make[2]: *** Waiting for unfinished jobs....
make[1]: *** [CMakeFiles/json_test.dir/all] Error 2
make: *** [all] Error 2
